<?xml version="1.0" encoding="UTF-8"?>
<coverage generated="1658541681769" clover="3.2.0">
  <project timestamp="1658541681769" name="All files">
    <metrics statements="50" coveredstatements="49" conditionals="4" coveredconditionals="3" methods="11" coveredmethods="11" elements="65" coveredelements="63" complexity="0" loc="50" ncloc="50" packages="1" files="9" classes="9"/>
    <file name="addTask.js" path="/home/tlm-89/repos/Module2/week-3/My-To-Do-List/src/modules/addTask.js">
      <metrics statements="9" coveredstatements="9" conditionals="2" coveredconditionals="1" methods="1" coveredmethods="1"/>
      <line num="7" count="1" type="stmt"/>
      <line num="8" count="1" type="stmt"/>
      <line num="9" count="1" type="cond" truecount="1" falsecount="1"/>
      <line num="10" count="1" type="stmt"/>
      <line num="11" count="1" type="stmt"/>
      <line num="12" count="1" type="stmt"/>
      <line num="13" count="1" type="stmt"/>
      <line num="14" count="1" type="stmt"/>
      <line num="15" count="1" type="stmt"/>
    </file>
    <file name="clearCompleted.js" path="/home/tlm-89/repos/Module2/week-3/My-To-Do-List/src/modules/clearCompleted.js">
      <metrics statements="8" coveredstatements="8" conditionals="0" coveredconditionals="0" methods="2" coveredmethods="2"/>
      <line num="6" count="1" type="stmt"/>
      <line num="7" count="1" type="stmt"/>
      <line num="8" count="30" type="stmt"/>
      <line num="9" count="1" type="stmt"/>
      <line num="10" count="26" type="stmt"/>
      <line num="12" count="1" type="stmt"/>
      <line num="13" count="1" type="stmt"/>
      <line num="14" count="1" type="stmt"/>
    </file>
    <file name="clearList.js" path="/home/tlm-89/repos/Module2/week-3/My-To-Do-List/src/modules/clearList.js">
      <metrics statements="4" coveredstatements="4" conditionals="0" coveredconditionals="0" methods="1" coveredmethods="1"/>
      <line num="2" count="2" type="stmt"/>
      <line num="3" count="9" type="stmt"/>
      <line num="4" count="9" type="stmt"/>
      <line num="5" count="147" type="stmt"/>
    </file>
    <file name="deleteTask.js" path="/home/tlm-89/repos/Module2/week-3/My-To-Do-List/src/modules/deleteTask.js">
      <metrics statements="6" coveredstatements="5" conditionals="0" coveredconditionals="0" methods="2" coveredmethods="2"/>
      <line num="4" count="1" type="stmt"/>
      <line num="5" count="1" type="stmt"/>
      <line num="7" count="1" type="stmt"/>
      <line num="9" count="1" type="stmt"/>
      <line num="10" count="0" type="stmt"/>
      <line num="12" count="1" type="stmt"/>
    </file>
    <file name="editTask.js" path="/home/tlm-89/repos/Module2/week-3/My-To-Do-List/src/modules/editTask.js">
      <metrics statements="6" coveredstatements="6" conditionals="0" coveredconditionals="0" methods="1" coveredmethods="1"/>
      <line num="7" count="1" type="stmt"/>
      <line num="8" count="1" type="stmt"/>
      <line num="9" count="1" type="stmt"/>
      <line num="10" count="1" type="stmt"/>
      <line num="11" count="1" type="stmt"/>
      <line num="12" count="1" type="stmt"/>
    </file>
    <file name="getDataFromLocalStorage.js" path="/home/tlm-89/repos/Module2/week-3/My-To-Do-List/src/modules/getDataFromLocalStorage.js">
      <metrics statements="5" coveredstatements="5" conditionals="2" coveredconditionals="2" methods="1" coveredmethods="1"/>
      <line num="2" count="2" type="stmt"/>
      <line num="3" count="26" type="stmt"/>
      <line num="4" count="26" type="cond" truecount="2" falsecount="0"/>
      <line num="5" count="3" type="stmt"/>
      <line num="7" count="26" type="stmt"/>
    </file>
    <file name="renderList.js" path="/home/tlm-89/repos/Module2/week-3/My-To-Do-List/src/modules/renderList.js">
      <metrics statements="6" coveredstatements="6" conditionals="0" coveredconditionals="0" methods="1" coveredmethods="1"/>
      <line num="3" count="2" type="stmt"/>
      <line num="4" count="10" type="stmt"/>
      <line num="5" count="10" type="stmt"/>
      <line num="7" count="10" type="stmt"/>
      <line num="8" count="173" type="stmt"/>
      <line num="15" count="173" type="stmt"/>
    </file>
    <file name="saveAtLocalStorage.js" path="/home/tlm-89/repos/Module2/week-3/My-To-Do-List/src/modules/saveAtLocalStorage.js">
      <metrics statements="2" coveredstatements="2" conditionals="0" coveredconditionals="0" methods="1" coveredmethods="1"/>
      <line num="3" count="2" type="stmt"/>
      <line num="4" count="13" type="stmt"/>
    </file>
    <file name="updateStatus.js" path="/home/tlm-89/repos/Module2/week-3/My-To-Do-List/src/modules/updateStatus.js">
      <metrics statements="4" coveredstatements="4" conditionals="0" coveredconditionals="0" methods="1" coveredmethods="1"/>
      <line num="5" count="1" type="stmt"/>
      <line num="6" count="5" type="stmt"/>
      <line num="7" count="5" type="stmt"/>
      <line num="8" count="5" type="stmt"/>
    </file>
  </project>
</coverage>
