<?xml version="1.0" encoding="UTF-8"?>
<coverage generated="1658454717542" clover="3.2.0">
  <project timestamp="1658454717542" name="All files">
    <metrics statements="16" coveredstatements="16" conditionals="2" coveredconditionals="2" methods="5" coveredmethods="5" elements="23" coveredelements="23" complexity="0" loc="16" ncloc="16" packages="1" files="4" classes="4"/>
    <file name="createTask.js" path="/home/tlm-89/repos/Module2/week-3/My-To-Do-List/src/modules/createTask.js">
      <metrics statements="3" coveredstatements="3" conditionals="0" coveredconditionals="0" methods="1" coveredmethods="1"/>
      <line num="3" count="1" type="stmt"/>
      <line num="4" count="5" type="stmt"/>
      <line num="5" count="5" type="stmt"/>
    </file>
    <file name="deleteTask.js" path="/home/tlm-89/repos/Module2/week-3/My-To-Do-List/src/modules/deleteTask.js">
      <metrics statements="6" coveredstatements="6" conditionals="0" coveredconditionals="0" methods="2" coveredmethods="2"/>
      <line num="4" count="1" type="stmt"/>
      <line num="5" count="3" type="stmt"/>
      <line num="7" count="27" type="stmt"/>
      <line num="9" count="3" type="stmt"/>
      <line num="10" count="24" type="stmt"/>
      <line num="12" count="3" type="stmt"/>
    </file>
    <file name="getDataFromLocalStorage.js" path="/home/tlm-89/repos/Module2/week-3/My-To-Do-List/src/modules/getDataFromLocalStorage.js">
      <metrics statements="5" coveredstatements="5" conditionals="2" coveredconditionals="2" methods="1" coveredmethods="1"/>
      <line num="2" count="1" type="stmt"/>
      <line num="3" count="8" type="stmt"/>
      <line num="4" count="8" type="cond" truecount="2" falsecount="0"/>
      <line num="5" count="1" type="stmt"/>
      <line num="7" count="8" type="stmt"/>
    </file>
    <file name="saveAtLocalStorage.js" path="/home/tlm-89/repos/Module2/week-3/My-To-Do-List/src/modules/saveAtLocalStorage.js">
      <metrics statements="2" coveredstatements="2" conditionals="0" coveredconditionals="0" methods="1" coveredmethods="1"/>
      <line num="3" count="1" type="stmt"/>
      <line num="4" count="4" type="stmt"/>
    </file>
  </project>
</coverage>
