{"/home/tlm-89/repos/Module2/week-3/My-To-Do-List/src/modules/addTask.js": {"path":"/home/tlm-89/repos/Module2/week-3/My-To-Do-List/src/modules/addTask.js","statementMap":{"0":{"start":{"line":7,"column":12},"end":{"line":17,"column":1}},"1":{"start":{"line":8,"column":27},"end":{"line":8,"column":69}},"2":{"start":{"line":9,"column":2},"end":{"line":16,"column":3}},"3":{"start":{"line":10,"column":24},"end":{"line":10,"column":32}},"4":{"start":{"line":11,"column":19},"end":{"line":11,"column":41}},"5":{"start":{"line":12,"column":20},"end":{"line":12,"column":55}},"6":{"start":{"line":13,"column":4},"end":{"line":13,"column":30}},"7":{"start":{"line":14,"column":4},"end":{"line":14,"column":36}},"8":{"start":{"line":15,"column":4},"end":{"line":15,"column":17}}},"fnMap":{"0":{"name":"(anonymous_0)","decl":{"start":{"line":7,"column":12},"end":{"line":7,"column":13}},"loc":{"start":{"line":7,"column":18},"end":{"line":17,"column":1}},"line":7}},"branchMap":{"0":{"loc":{"start":{"line":9,"column":2},"end":{"line":16,"column":3}},"type":"if","locations":[{"start":{"line":9,"column":2},"end":{"line":16,"column":3}},{"start":{},"end":{}}],"line":9}},"s":{"0":1,"1":1,"2":1,"3":1,"4":1,"5":1,"6":1,"7":1,"8":1},"f":{"0":1},"b":{"0":[1,0]},"_coverageSchema":"1a1c01bbd47fc00a2c39e90264f33305004495a9","hash":"9ebfaef30f8aa7d7ea0f35707dbf28fb6d279f1c"}
,"/home/tlm-89/repos/Module2/week-3/My-To-Do-List/src/modules/clearList.js": {"path":"/home/tlm-89/repos/Module2/week-3/My-To-Do-List/src/modules/clearList.js","statementMap":{"0":{"start":{"line":2,"column":18},"end":{"line":7,"column":1}},"1":{"start":{"line":3,"column":26},"end":{"line":3,"column":69}},"2":{"start":{"line":4,"column":2},"end":{"line":6,"column":3}},"3":{"start":{"line":5,"column":4},"end":{"line":5,"column":60}}},"fnMap":{"0":{"name":"(anonymous_0)","decl":{"start":{"line":2,"column":18},"end":{"line":2,"column":19}},"loc":{"start":{"line":2,"column":24},"end":{"line":7,"column":1}},"line":2}},"branchMap":{},"s":{"0":1,"1":2,"2":2,"3":21},"f":{"0":2},"b":{},"_coverageSchema":"1a1c01bbd47fc00a2c39e90264f33305004495a9","hash":"c13cde3948a8ecf6ddb0312713bedc76173406ad"}
,"/home/tlm-89/repos/Module2/week-3/My-To-Do-List/src/modules/deleteTask.js": {"path":"/home/tlm-89/repos/Module2/week-3/My-To-Do-List/src/modules/deleteTask.js","statementMap":{"0":{"start":{"line":4,"column":19},"end":{"line":13,"column":1}},"1":{"start":{"line":5,"column":20},"end":{"line":5,"column":28}},"2":{"start":{"line":7,"column":2},"end":{"line":7,"column":67}},"3":{"start":{"line":7,"column":45},"end":{"line":7,"column":65}},"4":{"start":{"line":9,"column":2},"end":{"line":11,"column":3}},"5":{"start":{"line":9,"column":15},"end":{"line":9,"column":16}},"6":{"start":{"line":10,"column":4},"end":{"line":10,"column":33}},"7":{"start":{"line":12,"column":2},"end":{"line":12,"column":34}}},"fnMap":{"0":{"name":"(anonymous_0)","decl":{"start":{"line":4,"column":19},"end":{"line":4,"column":20}},"loc":{"start":{"line":4,"column":30},"end":{"line":13,"column":1}},"line":4},"1":{"name":"(anonymous_1)","decl":{"start":{"line":7,"column":35},"end":{"line":7,"column":36}},"loc":{"start":{"line":7,"column":45},"end":{"line":7,"column":65}},"line":7}},"branchMap":{},"s":{"0":1,"1":1,"2":1,"3":11,"4":1,"5":1,"6":10,"7":1},"f":{"0":1,"1":11},"b":{},"_coverageSchema":"1a1c01bbd47fc00a2c39e90264f33305004495a9","hash":"c4ca4a7b493f2b4808132a4e3b6f71195442cc72"}
,"/home/tlm-89/repos/Module2/week-3/My-To-Do-List/src/modules/getDataFromLocalStorage.js": {"path":"/home/tlm-89/repos/Module2/week-3/My-To-Do-List/src/modules/getDataFromLocalStorage.js","statementMap":{"0":{"start":{"line":2,"column":15},"end":{"line":8,"column":1}},"1":{"start":{"line":3,"column":12},"end":{"line":3,"column":59}},"2":{"start":{"line":4,"column":2},"end":{"line":6,"column":3}},"3":{"start":{"line":5,"column":4},"end":{"line":5,"column":13}},"4":{"start":{"line":7,"column":2},"end":{"line":7,"column":13}}},"fnMap":{"0":{"name":"(anonymous_0)","decl":{"start":{"line":2,"column":15},"end":{"line":2,"column":16}},"loc":{"start":{"line":2,"column":21},"end":{"line":8,"column":1}},"line":2}},"branchMap":{"0":{"loc":{"start":{"line":4,"column":2},"end":{"line":6,"column":3}},"type":"if","locations":[{"start":{"line":4,"column":2},"end":{"line":6,"column":3}},{"start":{},"end":{}}],"line":4}},"s":{"0":1,"1":6,"2":6,"3":1,"4":6},"f":{"0":6},"b":{"0":[1,5]},"_coverageSchema":"1a1c01bbd47fc00a2c39e90264f33305004495a9","hash":"71222a2cbd5afd8bb4e8dcd89a7f39c661905714"}
,"/home/tlm-89/repos/Module2/week-3/My-To-Do-List/src/modules/renderList.js": {"path":"/home/tlm-89/repos/Module2/week-3/My-To-Do-List/src/modules/renderList.js","statementMap":{"0":{"start":{"line":3,"column":19},"end":{"line":17,"column":1}},"1":{"start":{"line":4,"column":22},"end":{"line":4,"column":30}},"2":{"start":{"line":5,"column":26},"end":{"line":5,"column":69}},"3":{"start":{"line":7,"column":2},"end":{"line":16,"column":3}},"4":{"start":{"line":7,"column":15},"end":{"line":7,"column":16}},"5":{"start":{"line":8,"column":17},"end":{"line":14,"column":10}},"6":{"start":{"line":15,"column":4},"end":{"line":15,"column":38}}},"fnMap":{"0":{"name":"(anonymous_0)","decl":{"start":{"line":3,"column":19},"end":{"line":3,"column":20}},"loc":{"start":{"line":3,"column":25},"end":{"line":17,"column":1}},"line":3}},"branchMap":{},"s":{"0":1,"1":3,"2":3,"3":3,"4":3,"5":31,"6":31},"f":{"0":3},"b":{},"_coverageSchema":"1a1c01bbd47fc00a2c39e90264f33305004495a9","hash":"db5294a55b4db02950e4e8a97a5fa273b5db4862"}
,"/home/tlm-89/repos/Module2/week-3/My-To-Do-List/src/modules/saveAtLocalStorage.js": {"path":"/home/tlm-89/repos/Module2/week-3/My-To-Do-List/src/modules/saveAtLocalStorage.js","statementMap":{"0":{"start":{"line":3,"column":27},"end":{"line":5,"column":1}},"1":{"start":{"line":4,"column":2},"end":{"line":4,"column":59}}},"fnMap":{"0":{"name":"(anonymous_0)","decl":{"start":{"line":3,"column":27},"end":{"line":3,"column":28}},"loc":{"start":{"line":3,"column":36},"end":{"line":5,"column":1}},"line":3}},"branchMap":{},"s":{"0":1,"1":3},"f":{"0":3},"b":{},"_coverageSchema":"1a1c01bbd47fc00a2c39e90264f33305004495a9","hash":"1da4223e4ece1e932efbbb7505ced799ab4dfe94"}
}
