TN:
SF:src/modules/addTask.js
FN:7,(anonymous_0)
FNF:1
FNH:1
FNDA:1,(anonymous_0)
DA:7,1
DA:8,1
DA:9,1
DA:10,1
DA:11,1
DA:12,1
DA:13,1
DA:14,1
DA:15,1
LF:9
LH:9
BRDA:9,0,0,1
BRDA:9,0,1,0
BRF:2
BRH:1
end_of_record
TN:
SF:src/modules/clearList.js
FN:2,(anonymous_0)
FNF:1
FNH:1
FNDA:2,(anonymous_0)
DA:2,1
DA:3,2
DA:4,2
DA:5,21
LF:4
LH:4
BRF:0
BRH:0
end_of_record
TN:
SF:src/modules/deleteTask.js
FN:4,(anonymous_0)
FN:7,(anonymous_1)
FNF:2
FNH:2
FNDA:1,(anonymous_0)
FNDA:11,(anonymous_1)
DA:4,1
DA:5,1
DA:7,11
DA:9,1
DA:10,10
DA:12,1
LF:6
LH:6
BRF:0
BRH:0
end_of_record
TN:
SF:src/modules/getDataFromLocalStorage.js
FN:2,(anonymous_0)
FNF:1
FNH:1
FNDA:6,(anonymous_0)
DA:2,1
DA:3,6
DA:4,6
DA:5,1
DA:7,6
LF:5
LH:5
BRDA:4,0,0,1
BRDA:4,0,1,5
BRF:2
BRH:2
end_of_record
TN:
SF:src/modules/renderList.js
FN:3,(anonymous_0)
FNF:1
FNH:1
FNDA:3,(anonymous_0)
DA:3,1
DA:4,3
DA:5,3
DA:7,3
DA:8,31
DA:15,31
LF:6
LH:6
BRF:0
BRH:0
end_of_record
TN:
SF:src/modules/saveAtLocalStorage.js
FN:3,(anonymous_0)
FNF:1
FNH:1
FNDA:3,(anonymous_0)
DA:3,1
DA:4,3
LF:2
LH:2
BRF:0
BRH:0
end_of_record
